<?xml version="1.0" encoding="UTF-8" ?>
<testsuite tests="10" failures="0" name="softwareTesting.Time_Maven.TimeTest" time="0.033" errors="0" skipped="0">
  <properties>
[...]
</properties>
  <testcase classname="softwareTesting.Time_Maven.TimeTest" name="test10" time="0.011"/>
  <testcase classname="softwareTesting.Time_Maven.TimeTest" name="test1" time="0"/>
  <testcase classname="softwareTesting.Time_Maven.TimeTest" name="test2" time="0"/>
  <testcase classname="softwareTesting.Time_Maven.TimeTest" name="test3" time="0.013"/>
  <testcase classname="softwareTesting.Time_Maven.TimeTest" name="test4" time="0.005"/>
  <testcase classname="softwareTesting.Time_Maven.TimeTest" name="test5" time="0.001"/>
  <testcase classname="softwareTesting.Time_Maven.TimeTest" name="test6" time="0.002"/>
  <testcase classname="softwareTesting.Time_Maven.TimeTest" name="test7" time="0"/>
  <testcase classname="softwareTesting.Time_Maven.TimeTest" name="test8" time="0"/>
  <testcase classname="softwareTesting.Time_Maven.TimeTest" name="test9" time="0.001"/>
</testsuite>